[debug] [2025-08-26T16:59:16.107Z] ----------------------------------------------------------------------
[debug] [2025-08-26T16:59:16.110Z] Command:       E:\Tools\node\node.exe C:\Users\annam\AppData\Roaming\npm\node_modules\firebase-tools\lib\bin\firebase.js init
[debug] [2025-08-26T16:59:16.110Z] CLI Version:   14.14.0
[debug] [2025-08-26T16:59:16.111Z] Platform:      win32
[debug] [2025-08-26T16:59:16.111Z] Node Version:  v22.17.0
[debug] [2025-08-26T16:59:16.111Z] Time:          Tue Aug 26 2025 22:29:16 GMT+0530 (India Standard Time)
[debug] [2025-08-26T16:59:16.111Z] ----------------------------------------------------------------------
[debug] 
[debug] [2025-08-26T16:59:16.116Z] > command requires scopes: ["email","openid","https://www.googleapis.com/auth/cloudplatformprojects.readonly","https://www.googleapis.com/auth/firebase","https://www.googleapis.com/auth/cloud-platform"]
[debug] [2025-08-26T16:59:16.117Z] > authorizing via signed-in user (2005techreview@gmail.com)
[info] 
     ######## #### ########  ######## ########     ###     ######  ########
     ##        ##  ##     ## ##       ##     ##  ##   ##  ##       ##
     ######    ##  ########  ######   ########  #########  ######  ######
     ##        ##  ##    ##  ##       ##     ## ##     ##       ## ##
     ##       #### ##     ## ######## ########  ##     ##  ######  ########

You're about to initialize a Firebase project in this directory:

  F:\Envesto\v2\envesto

[debug] [2025-08-26T16:59:29.172Z] ExitPromptError: User force closed the prompt with SIGINT
    at Interface.sigint (C:\Users\annam\AppData\Roaming\npm\node_modules\firebase-tools\node_modules\@inquirer\core\dist\commonjs\lib\create-prompt.js:101:37)
    at Interface.emit (node:events:518:28)
    at Interface.emit (node:domain:489:12)
    at [_ttyWrite] [as _ttyWrite] (node:internal/readline/interface:1132:18)
    at ReadStream.onkeypress (node:internal/readline/interface:271:20)
    at ReadStream.emit (node:events:530:35)
    at ReadStream.emit (node:domain:489:12)
    at emitKeys (node:internal/readline/utils:370:14)
    at emitKeys.next (<anonymous>)
    at ReadStream.onData (node:internal/readline/emitKeypressEvents:64:36)
[error] 
[error] Error: An unexpected error has occurred.
